<?xml version="1.0" encoding="UTF-8"?>
<!-- Generated by org.testng.reporters.JUnitXMLReporter -->
<testsuite ignored="0" hostname="DESKTOP-D43DBP7" failures="0" tests="4" name="Test" time="0.087" errors="0" timestamp="2020-05-05T16:17:30 IST">
  <testcase classname="maventutorial.SeleniumTest" name="BrowserAutomation" time="0.013"/>
  <testcase classname="maventutorial.SeleniumTest" name="elementsUI" time="0.002"/>
  <testcase classname="maventutorial.RestAPITest" name="deleteTwitter" time="0.002"/>
  <testcase classname="maventutorial.RestAPITest" name="postJira" time="0.004"/>
</testsuite> <!-- Test -->
