<?xml version="1.0" encoding="UTF-8"?>
<!-- Generated by org.testng.reporters.JUnitXMLReporter -->
<testsuite ignored="0" hostname="DESKTOP-D43DBP7" failures="0" tests="6" name="Test" time="0.068" errors="0" timestamp="2020-05-05T16:54:46 IST">
  <testcase classname="maventutorial.SeleniumTest" name="BrowserAutomation" time="0.005"/>
  <testcase classname="maventutorial.SeleniumTest" name="elementsUI" time="0.0"/>
  <testcase classname="maventutorial.RestAPITest" name="deleteTwitter" time="0.0"/>
  <testcase classname="maventutorial.RestAPITest" name="postJira" time="0.0"/>
  <testcase classname="maventutorial.AppiumTest" name="IOSApps" time="0.001"/>
  <testcase classname="maventutorial.AppiumTest" name="NativeAppAndroid" time="0.0"/>
</testsuite> <!-- Test -->
