<?xml version="1.0" encoding="UTF-8"?>
<testng-results ignored="0" total="6" passed="6" failed="0" skipped="0">
  <reporter-output>
  </reporter-output>
  <suite started-at="2020-05-05T16:54:45 IST" name="Suite" finished-at="2020-05-05T16:54:46 IST" duration-ms="68">
    <groups>
    </groups>
    <test started-at="2020-05-05T16:54:45 IST" name="Test" finished-at="2020-05-05T16:54:46 IST" duration-ms="68">
      <class name="maventutorial.SeleniumTest">
        <test-method signature="BrowserAutomation()[pri:0, instance:maventutorial.SeleniumTest@2c34f934]" started-at="2020-05-05T16:54:46 IST" name="BrowserAutomation" finished-at="2020-05-05T16:54:46 IST" duration-ms="5" status="PASS">
          <reporter-output>
          </reporter-output>
        </test-method> <!-- BrowserAutomation -->
        <test-method signature="elementsUI()[pri:0, instance:maventutorial.SeleniumTest@2c34f934]" started-at="2020-05-05T16:54:46 IST" name="elementsUI" finished-at="2020-05-05T16:54:46 IST" duration-ms="0" status="PASS">
          <reporter-output>
          </reporter-output>
        </test-method> <!-- elementsUI -->
      </class> <!-- maventutorial.SeleniumTest -->
      <class name="maventutorial.AppiumTest">
        <test-method signature="IOSApps()[pri:0, instance:maventutorial.AppiumTest@240237d2]" started-at="2020-05-05T16:54:46 IST" name="IOSApps" finished-at="2020-05-05T16:54:46 IST" duration-ms="1" status="PASS">
          <reporter-output>
          </reporter-output>
        </test-method> <!-- IOSApps -->
        <test-method signature="NativeAppAndroid()[pri:0, instance:maventutorial.AppiumTest@240237d2]" started-at="2020-05-05T16:54:46 IST" name="NativeAppAndroid" finished-at="2020-05-05T16:54:46 IST" duration-ms="0" status="PASS">
          <reporter-output>
          </reporter-output>
        </test-method> <!-- NativeAppAndroid -->
      </class> <!-- maventutorial.AppiumTest -->
      <class name="maventutorial.RestAPITest">
        <test-method signature="deleteTwitter()[pri:0, instance:maventutorial.RestAPITest@12d3a4e9]" started-at="2020-05-05T16:54:46 IST" name="deleteTwitter" finished-at="2020-05-05T16:54:46 IST" duration-ms="0" status="PASS">
          <reporter-output>
          </reporter-output>
        </test-method> <!-- deleteTwitter -->
        <test-method signature="postJira()[pri:0, instance:maventutorial.RestAPITest@12d3a4e9]" started-at="2020-05-05T16:54:46 IST" name="postJira" finished-at="2020-05-05T16:54:46 IST" duration-ms="0" status="PASS">
          <reporter-output>
          </reporter-output>
        </test-method> <!-- postJira -->
      </class> <!-- maventutorial.RestAPITest -->
    </test> <!-- Test -->
  </suite> <!-- Suite -->
</testng-results>
