<?xml version="1.0" encoding="UTF-8"?>
<testng-results ignored="0" total="4" passed="4" failed="0" skipped="0">
  <reporter-output>
  </reporter-output>
  <suite started-at="2020-05-05T16:17:30 IST" name="Suite" finished-at="2020-05-05T16:17:30 IST" duration-ms="87">
    <groups>
    </groups>
    <test started-at="2020-05-05T16:17:30 IST" name="Test" finished-at="2020-05-05T16:17:30 IST" duration-ms="87">
      <class name="maventutorial.SeleniumTest">
        <test-method signature="BrowserAutomation()[pri:0, instance:maventutorial.SeleniumTest@d4342c2]" started-at="2020-05-05T16:17:30 IST" name="BrowserAutomation" finished-at="2020-05-05T16:17:30 IST" duration-ms="13" status="PASS">
          <reporter-output>
          </reporter-output>
        </test-method> <!-- BrowserAutomation -->
        <test-method signature="elementsUI()[pri:0, instance:maventutorial.SeleniumTest@d4342c2]" started-at="2020-05-05T16:17:30 IST" name="elementsUI" finished-at="2020-05-05T16:17:30 IST" duration-ms="2" status="PASS">
          <reporter-output>
          </reporter-output>
        </test-method> <!-- elementsUI -->
      </class> <!-- maventutorial.SeleniumTest -->
      <class name="maventutorial.RestAPITest">
        <test-method signature="deleteTwitter()[pri:0, instance:maventutorial.RestAPITest@2bbf180e]" started-at="2020-05-05T16:17:30 IST" name="deleteTwitter" finished-at="2020-05-05T16:17:30 IST" duration-ms="2" status="PASS">
          <reporter-output>
          </reporter-output>
        </test-method> <!-- deleteTwitter -->
        <test-method signature="postJira()[pri:0, instance:maventutorial.RestAPITest@2bbf180e]" started-at="2020-05-05T16:17:30 IST" name="postJira" finished-at="2020-05-05T16:17:30 IST" duration-ms="4" status="PASS">
          <reporter-output>
          </reporter-output>
        </test-method> <!-- postJira -->
      </class> <!-- maventutorial.RestAPITest -->
    </test> <!-- Test -->
  </suite> <!-- Suite -->
</testng-results>
